{"numFailedTestSuites":1,"numFailedTests":4,"numPassedTestSuites":0,"numPassedTests":3,"numPendingTestSuites":0,"numPendingTests":0,"numRuntimeErrorTestSuites":0,"numTodoTests":0,"numTotalTestSuites":1,"numTotalTests":7,"openHandles":[],"snapshot":{"added":0,"didUpdate":false,"failure":false,"filesAdded":0,"filesRemoved":0,"filesRemovedList":[],"filesUnmatched":0,"filesUpdated":0,"matched":0,"total":0,"unchecked":0,"uncheckedKeysByFile":[],"unmatched":0,"updated":0},"startTime":1772772307098,"success":false,"testResults":[{"assertionResults":[{"ancestorTitles":["scoringRoutes Integration","POST /api/matches/:id/operations"],"duration":38,"failing":false,"failureDetails":[],"failureMessages":[],"fullName":"scoringRoutes Integration POST /api/matches/:id/operations returns 400 when missing required payload fields","invocations":1,"location":null,"numPassingAsserts":3,"retryReasons":[],"startAt":1772772307851,"status":"passed","title":"returns 400 when missing required payload fields"},{"ancestorTitles":["scoringRoutes Integration","POST /api/matches/:id/operations"],"duration":9,"failing":false,"failureDetails":[{"matcherResult":{"expected":2,"message":"\u001b[2mexpect(\u001b[22m\u001b[31mreceived\u001b[39m\u001b[2m).\u001b[22mtoBe\u001b[2m(\u001b[22m\u001b[32mexpected\u001b[39m\u001b[2m) // Object.is equality\u001b[22m\n\nExpected: \u001b[32m2\u001b[39m\nReceived: \u001b[31mundefined\u001b[39m","name":"toBe","pass":false}}],"failureMessages":["Error: \u001b[2mexpect(\u001b[22m\u001b[31mreceived\u001b[39m\u001b[2m).\u001b[22mtoBe\u001b[2m(\u001b[22m\u001b[32mexpected\u001b[39m\u001b[2m) // Object.is equality\u001b[22m\n\nExpected: \u001b[32m2\u001b[39m\nReceived: \u001b[31mundefined\u001b[39m\n    at Object.<anonymous> (C:\\Users\\Vinothkumar M\\Downloads\\CricScorer\\CricScore\\backend\\src\\__tests__\\routes\\scoringRoutes.test.ts:79:41)\n    at processTicksAndRejections (node:internal/process/task_queues:105:5)"],"fullName":"scoringRoutes Integration POST /api/matches/:id/operations returns 200 and success when payload is valid","invocations":1,"location":null,"numPassingAsserts":3,"retryReasons":[],"startAt":1772772307890,"status":"failed","title":"returns 200 and success when payload is valid"},{"ancestorTitles":["scoringRoutes Integration","POST /api/matches/:id/operations"],"duration":5,"failing":false,"failureDetails":[{"matcherResult":{"expected":5,"message":"\u001b[2mexpect(\u001b[22m\u001b[31mreceived\u001b[39m\u001b[2m).\u001b[22mtoBe\u001b[2m(\u001b[22m\u001b[32mexpected\u001b[39m\u001b[2m) // Object.is equality\u001b[22m\n\nExpected: \u001b[32m5\u001b[39m\nReceived: \u001b[31mundefined\u001b[39m","name":"toBe","pass":false}}],"failureMessages":["Error: \u001b[2mexpect(\u001b[22m\u001b[31mreceived\u001b[39m\u001b[2m).\u001b[22mtoBe\u001b[2m(\u001b[22m\u001b[32mexpected\u001b[39m\u001b[2m) // Object.is equality\u001b[22m\n\nExpected: \u001b[32m5\u001b[39m\nReceived: \u001b[31mundefined\u001b[39m\n    at Object.<anonymous> (C:\\Users\\Vinothkumar M\\Downloads\\CricScorer\\CricScore\\backend\\src\\__tests__\\routes\\scoringRoutes.test.ts:100:51)\n    at processTicksAndRejections (node:internal/process/task_queues:105:5)"],"fullName":"scoringRoutes Integration POST /api/matches/:id/operations returns matched error payload when the Engine rejects the state update","invocations":1,"location":null,"numPassingAsserts":3,"retryReasons":[],"startAt":1772772307901,"status":"failed","title":"returns matched error payload when the Engine rejects the state update"},{"ancestorTitles":["scoringRoutes Integration","GET /api/matches/:id/state"],"duration":5,"failing":false,"failureDetails":[{}],"failureMessages":["TypeError: Cannot read properties of undefined (reading 'totalRuns')\n    at Object.<anonymous> (C:\\Users\\Vinothkumar M\\Downloads\\CricScorer\\CricScore\\backend\\src\\__tests__\\routes\\scoringRoutes.test.ts:112:35)\n    at processTicksAndRejections (node:internal/process/task_queues:105:5)"],"fullName":"scoringRoutes Integration GET /api/matches/:id/state fetches complete reconstructed match state","invocations":1,"location":null,"numPassingAsserts":1,"retryReasons":[],"startAt":1772772307907,"status":"failed","title":"fetches complete reconstructed match state"},{"ancestorTitles":["scoringRoutes Integration","GET /api/matches/:id/state"],"duration":5,"failing":false,"failureDetails":[],"failureMessages":[],"fullName":"scoringRoutes Integration GET /api/matches/:id/state returns HTTP 500 when state reconstruction throws unexpectedly","invocations":1,"location":null,"numPassingAsserts":3,"retryReasons":[],"startAt":1772772307913,"status":"passed","title":"returns HTTP 500 when state reconstruction throws unexpectedly"},{"ancestorTitles":["scoringRoutes Integration","GET /api/matches/:id/operations"],"duration":4,"failing":false,"failureDetails":[{}],"failureMessages":["TypeError: Cannot read properties of undefined (reading 'length')\n    at Object.<anonymous> (C:\\Users\\Vinothkumar M\\Downloads\\CricScorer\\CricScore\\backend\\src\\__tests__\\routes\\scoringRoutes.test.ts:128:40)\n    at processTicksAndRejections (node:internal/process/task_queues:105:5)"],"fullName":"scoringRoutes Integration GET /api/matches/:id/operations returns event log sync payload without bounds","invocations":1,"location":null,"numPassingAsserts":1,"retryReasons":[],"startAt":1772772307919,"status":"failed","title":"returns event log sync payload without bounds"},{"ancestorTitles":["scoringRoutes Integration","GET /api/matches/:id/operations"],"duration":4,"failing":false,"failureDetails":[],"failureMessages":[],"fullName":"scoringRoutes Integration GET /api/matches/:id/operations parses since parameters to constrain the operations returned","invocations":1,"location":null,"numPassingAsserts":2,"retryReasons":[],"startAt":1772772307924,"status":"passed","title":"parses since parameters to constrain the operations returned"}],"endTime":1772772307948,"message":"\u001b[1m\u001b[31m  \u001b[1m● \u001b[22m\u001b[1mscoringRoutes Integration › POST /api/matches/:id/operations › returns 200 and success when payload is valid\u001b[39m\u001b[22m\n\n    \u001b[2mexpect(\u001b[22m\u001b[31mreceived\u001b[39m\u001b[2m).\u001b[22mtoBe\u001b[2m(\u001b[22m\u001b[32mexpected\u001b[39m\u001b[2m) // Object.is equality\u001b[22m\n\n    Expected: \u001b[32m2\u001b[39m\n    Received: \u001b[31mundefined\u001b[39m\n\u001b[2m\u001b[22m\n\u001b[2m    \u001b[0m \u001b[90m 77 |\u001b[39m             expect(res\u001b[33m.\u001b[39mbody\u001b[33m.\u001b[39merror\u001b[33m.\u001b[39mcode)\u001b[33m.\u001b[39mtoBe(\u001b[32m'MISSING_PARAM'\u001b[39m)\u001b[33m;\u001b[39m\u001b[22m\n\u001b[2m     \u001b[90m 78 |\u001b[39m         })\u001b[33m;\u001b[39m\u001b[22m\n\u001b[2m    \u001b[31m\u001b[1m>\u001b[22m\u001b[2m\u001b[39m\u001b[90m 79 |\u001b[39m\u001b[22m\n\u001b[2m     \u001b[90m    |\u001b[39m \u001b[31m\u001b[1m^\u001b[22m\u001b[2m\u001b[39m\u001b[22m\n\u001b[2m     \u001b[90m 80 |\u001b[39m         it(\u001b[32m'returns 200 and success when payload is valid'\u001b[39m\u001b[33m,\u001b[39m \u001b[36masync\u001b[39m () \u001b[33m=>\u001b[39m {\u001b[22m\n\u001b[2m     \u001b[90m 81 |\u001b[39m             mockAddOperation\u001b[33m.\u001b[39mmockResolvedValueOnce({ success\u001b[33m:\u001b[39m \u001b[36mtrue\u001b[39m\u001b[33m,\u001b[39m newVersion\u001b[33m:\u001b[39m \u001b[35m2\u001b[39m })\u001b[33m;\u001b[39m\u001b[22m\n\u001b[2m     \u001b[90m 82 |\u001b[39m\u001b[0m\u001b[22m\n\u001b[2m\u001b[22m\n\u001b[2m      \u001b[2mat Object.<anonymous> (\u001b[22m\u001b[2m\u001b[0m\u001b[36msrc/__tests__/routes/scoringRoutes.test.ts\u001b[39m\u001b[0m\u001b[2m:79:41)\u001b[22m\u001b[2m\u001b[22m\n\n\u001b[1m\u001b[31m  \u001b[1m● \u001b[22m\u001b[1mscoringRoutes Integration › POST /api/matches/:id/operations › returns matched error payload when the Engine rejects the state update\u001b[39m\u001b[22m\n\n    \u001b[2mexpect(\u001b[22m\u001b[31mreceived\u001b[39m\u001b[2m).\u001b[22mtoBe\u001b[2m(\u001b[22m\u001b[32mexpected\u001b[39m\u001b[2m) // Object.is equality\u001b[22m\n\n    Expected: \u001b[32m5\u001b[39m\n    Received: \u001b[31mundefined\u001b[39m\n\u001b[2m\u001b[22m\n\u001b[2m    \u001b[0m \u001b[90m  98 |\u001b[39m             expect(res\u001b[33m.\u001b[39mstatus)\u001b[33m.\u001b[39mtoBe(\u001b[35m200\u001b[39m)\u001b[33m;\u001b[39m\u001b[22m\n\u001b[2m     \u001b[90m  99 |\u001b[39m             expect(res\u001b[33m.\u001b[39mbody\u001b[33m.\u001b[39msuccess)\u001b[33m.\u001b[39mtoBe(\u001b[36mtrue\u001b[39m)\u001b[33m;\u001b[39m\u001b[22m\n\u001b[2m    \u001b[31m\u001b[1m>\u001b[22m\u001b[2m\u001b[39m\u001b[90m 100 |\u001b[39m             expect(res\u001b[33m.\u001b[39mbody\u001b[33m.\u001b[39mnewVersion)\u001b[33m.\u001b[39mtoBe(\u001b[35m2\u001b[39m)\u001b[33m;\u001b[39m\u001b[22m\n\u001b[2m     \u001b[90m     |\u001b[39m                                                   \u001b[31m\u001b[1m^\u001b[22m\u001b[2m\u001b[39m\u001b[22m\n\u001b[2m     \u001b[90m 101 |\u001b[39m         })\u001b[33m;\u001b[39m\u001b[22m\n\u001b[2m     \u001b[90m 102 |\u001b[39m\u001b[22m\n\u001b[2m     \u001b[90m 103 |\u001b[39m         it(\u001b[32m'returns matched error payload when the Engine rejects the state update'\u001b[39m\u001b[33m,\u001b[39m \u001b[36masync\u001b[39m () \u001b[33m=>\u001b[39m {\u001b[0m\u001b[22m\n\u001b[2m\u001b[22m\n\u001b[2m      \u001b[2mat Object.<anonymous> (\u001b[22m\u001b[2m\u001b[0m\u001b[36msrc/__tests__/routes/scoringRoutes.test.ts\u001b[39m\u001b[0m\u001b[2m:100:51)\u001b[22m\u001b[2m\u001b[22m\n\n\u001b[1m\u001b[31m  \u001b[1m● \u001b[22m\u001b[1mscoringRoutes Integration › GET /api/matches/:id/state › fetches complete reconstructed match state\u001b[39m\u001b[22m\n\n    TypeError: Cannot read properties of undefined (reading 'totalRuns')\n\u001b[2m\u001b[22m\n\u001b[2m    \u001b[0m \u001b[90m 110 |\u001b[39m             })\u001b[33m;\u001b[39m\u001b[22m\n\u001b[2m     \u001b[90m 111 |\u001b[39m\u001b[22m\n\u001b[2m    \u001b[31m\u001b[1m>\u001b[22m\u001b[2m\u001b[39m\u001b[90m 112 |\u001b[39m             \u001b[36mconst\u001b[39m res \u001b[33m=\u001b[39m \u001b[36mawait\u001b[39m request(app)\u001b[22m\n\u001b[2m     \u001b[90m     |\u001b[39m                                   \u001b[31m\u001b[1m^\u001b[22m\u001b[2m\u001b[39m\u001b[22m\n\u001b[2m     \u001b[90m 113 |\u001b[39m                 \u001b[33m.\u001b[39mpost(\u001b[32m'/api/matches/m1/operations'\u001b[39m)\u001b[22m\n\u001b[2m     \u001b[90m 114 |\u001b[39m                 \u001b[33m.\u001b[39msend({\u001b[22m\n\u001b[2m     \u001b[90m 115 |\u001b[39m                     clientOpId\u001b[33m:\u001b[39m \u001b[32m'op_123'\u001b[39m\u001b[33m,\u001b[39m\u001b[0m\u001b[22m\n\u001b[2m\u001b[22m\n\u001b[2m      \u001b[2mat Object.<anonymous> (\u001b[22m\u001b[2m\u001b[0m\u001b[36msrc/__tests__/routes/scoringRoutes.test.ts\u001b[39m\u001b[0m\u001b[2m:112:35)\u001b[22m\u001b[2m\u001b[22m\n\n\u001b[1m\u001b[31m  \u001b[1m● \u001b[22m\u001b[1mscoringRoutes Integration › GET /api/matches/:id/operations › returns event log sync payload without bounds\u001b[39m\u001b[22m\n\n    TypeError: Cannot read properties of undefined (reading 'length')\n\u001b[2m\u001b[22m\n\u001b[2m    \u001b[0m \u001b[90m 126 |\u001b[39m     })\u001b[33m;\u001b[39m\u001b[22m\n\u001b[2m     \u001b[90m 127 |\u001b[39m\u001b[22m\n\u001b[2m    \u001b[31m\u001b[1m>\u001b[22m\u001b[2m\u001b[39m\u001b[90m 128 |\u001b[39m     describe(\u001b[32m'GET /api/matches/:id/state'\u001b[39m\u001b[33m,\u001b[39m () \u001b[33m=>\u001b[39m {\u001b[22m\n\u001b[2m     \u001b[90m     |\u001b[39m                                        \u001b[31m\u001b[1m^\u001b[22m\u001b[2m\u001b[39m\u001b[22m\n\u001b[2m     \u001b[90m 129 |\u001b[39m         it(\u001b[32m'fetches complete reconstructed match state'\u001b[39m\u001b[33m,\u001b[39m \u001b[36masync\u001b[39m () \u001b[33m=>\u001b[39m {\u001b[22m\n\u001b[2m     \u001b[90m 130 |\u001b[39m             mockGetMatchState\u001b[33m.\u001b[39mmockResolvedValueOnce({\u001b[22m\n\u001b[2m     \u001b[90m 131 |\u001b[39m                 totalRuns\u001b[33m:\u001b[39m \u001b[35m120\u001b[39m\u001b[33m,\u001b[39m\u001b[0m\u001b[22m\n\u001b[2m\u001b[22m\n\u001b[2m      \u001b[2mat Object.<anonymous> (\u001b[22m\u001b[2m\u001b[0m\u001b[36msrc/__tests__/routes/scoringRoutes.test.ts\u001b[39m\u001b[0m\u001b[2m:128:40)\u001b[22m\u001b[2m\u001b[22m\n","name":"C:\\Users\\Vinothkumar M\\Downloads\\CricScorer\\CricScore\\backend\\src\\__tests__\\routes\\scoringRoutes.test.ts","startTime":1772772307338,"status":"failed","summary":""}],"wasInterrupted":false}
